c:\git\cafe-quality\src\consensuscore\release\vc120.pdb
c:\git\cafe-quality\src\consensuscore\release\mutationscorer.nativecodeanalysis.xml
c:\git\cafe-quality\src\consensuscore\release\mutationenumerator.nativecodeanalysis.xml
c:\git\cafe-quality\src\consensuscore\release\multireadmutationscorer.nativecodeanalysis.xml
c:\git\cafe-quality\src\consensuscore\release\diploid.nativecodeanalysis.xml
c:\git\cafe-quality\src\consensuscore\release\recursorbase.nativecodeanalysis.xml
c:\git\cafe-quality\src\consensuscore\release\poagraph.nativecodeanalysis.xml
c:\git\cafe-quality\src\consensuscore\release\poaconsensus.nativecodeanalysis.xml
c:\git\cafe-quality\src\consensuscore\release\poaconfig.nativecodeanalysis.xml
c:\git\cafe-quality\src\consensuscore\release\pairwisealignment.nativecodeanalysis.xml
c:\git\cafe-quality\src\consensuscore\release\mutation.nativecodeanalysis.xml
c:\git\cafe-quality\src\consensuscore\release\sparsematrix.nativecodeanalysis.xml
c:\git\cafe-quality\src\consensuscore\release\densematrix.nativecodeanalysis.xml
c:\git\cafe-quality\src\consensuscore\release\logging.nativecodeanalysis.xml
c:\git\cafe-quality\src\consensuscore\release\ednacounts.nativecodeanalysis.xml
c:\git\cafe-quality\src\consensuscore\release\features.nativecodeanalysis.xml
c:\git\cafe-quality\src\consensuscore\release\feature.nativecodeanalysis.xml
c:\git\cafe-quality\src\consensuscore\release\coverage.nativecodeanalysis.xml
c:\git\cafe-quality\src\consensuscore\release\checksum.nativecodeanalysis.xml
c:\git\cafe-quality\src\consensuscore\release\affinealignment.nativecodeanalysis.xml
c:\git\cafe-quality\src\consensuscore\release\consensuscore_wrap.nativecodeanalysis.xml
c:\git\cafe-quality\src\consensuscore\release\consensuscore_wrap.obj
c:\git\cafe-quality\src\consensuscore\release\affinealignment.obj
c:\git\cafe-quality\src\consensuscore\release\checksum.obj
c:\git\cafe-quality\src\consensuscore\release\coverage.obj
c:\git\cafe-quality\src\consensuscore\release\feature.obj
c:\git\cafe-quality\src\consensuscore\release\features.obj
c:\git\cafe-quality\src\consensuscore\release\ednacounts.obj
c:\git\cafe-quality\src\consensuscore\release\logging.obj
c:\git\cafe-quality\src\consensuscore\release\densematrix.obj
c:\git\cafe-quality\src\consensuscore\release\sparsematrix.obj
c:\git\cafe-quality\src\consensuscore\release\mutation.obj
c:\git\cafe-quality\src\consensuscore\release\pairwisealignment.obj
c:\git\cafe-quality\src\consensuscore\release\poaconfig.obj
c:\git\cafe-quality\src\consensuscore\release\poaconsensus.obj
c:\git\cafe-quality\src\consensuscore\release\poagraph.obj
c:\git\cafe-quality\src\consensuscore\release\recursorbase.obj
c:\git\cafe-quality\src\consensuscore\release\diploid.obj
c:\git\cafe-quality\src\consensuscore\release\multireadmutationscorer.obj
c:\git\cafe-quality\src\consensuscore\release\mutationenumerator.obj
c:\git\cafe-quality\src\consensuscore\release\mutationscorer.obj
c:\git\cafe-quality\src\consensuscore\release\version.nativecodeanalysis.xml
c:\git\cafe-quality\src\consensuscore\release\utils.nativecodeanalysis.xml
c:\git\cafe-quality\src\consensuscore\release\binomial.nativecodeanalysis.xml
c:\git\cafe-quality\src\consensuscore\release\simulator.nativecodeanalysis.xml
c:\git\cafe-quality\src\consensuscore\release\random.nativecodeanalysis.xml
c:\git\cafe-quality\src\consensuscore\release\sequence.nativecodeanalysis.xml
c:\git\cafe-quality\src\consensuscore\release\read.nativecodeanalysis.xml
c:\git\cafe-quality\src\consensuscore\release\sserecursor.nativecodeanalysis.xml
c:\git\cafe-quality\src\consensuscore\release\simplerecursor.nativecodeanalysis.xml
c:\git\cafe-quality\src\consensuscore\release\readscorer.nativecodeanalysis.xml
c:\git\cafe-quality\src\consensuscore\release\quiverconsensus.nativecodeanalysis.xml
c:\git\cafe-quality\src\consensuscore\release\quiverconfig.nativecodeanalysis.xml
c:\git\cafe-quality\src\consensuscore\release\quiverconfig.obj
c:\git\cafe-quality\src\consensuscore\release\quiverconsensus.obj
c:\git\cafe-quality\src\consensuscore\release\readscorer.obj
c:\git\cafe-quality\src\consensuscore\release\simplerecursor.obj
c:\git\cafe-quality\src\consensuscore\release\sserecursor.obj
c:\git\cafe-quality\src\consensuscore\release\read.obj
c:\git\cafe-quality\src\consensuscore\release\sequence.obj
c:\git\cafe-quality\src\consensuscore\release\random.obj
c:\git\cafe-quality\src\consensuscore\release\simulator.obj
c:\git\cafe-quality\src\consensuscore\release\binomial.obj
c:\git\cafe-quality\src\consensuscore\release\utils.obj
c:\git\cafe-quality\src\consensuscore\release\version.obj
c:\git\cafe-quality\src\consensuscore\build\csharp\libconsensuscore.lib
c:\git\cafe-quality\src\consensuscore\build\csharp\libconsensuscore.exp
c:\git\cafe-quality\src\consensuscore\build\csharp\libconsensuscore.dll
c:\git\cafe-quality\src\consensuscore\build\csharp\libconsensuscore.pdb
c:\git\cafe-quality\src\consensuscore\release\nativecodeanalysis.read.1.tlog
c:\git\cafe-quality\src\consensuscore\release\vc.nativecodeanalysis.all.xml
c:\git\cafe-quality\src\consensuscore\build\csharp\libconsensuscore.dll.lastcodeanalysissucceeded
c:\git\cafe-quality\src\consensuscore\release\consensuscorecpp.tlog\cl.command.1.tlog
c:\git\cafe-quality\src\consensuscore\release\consensuscorecpp.tlog\cl.read.1.tlog
c:\git\cafe-quality\src\consensuscore\release\consensuscorecpp.tlog\cl.write.1.tlog
c:\git\cafe-quality\src\consensuscore\release\consensuscorecpp.tlog\consensuscorecpp.write.1u.tlog
c:\git\cafe-quality\src\consensuscore\release\consensuscorecpp.tlog\link.command.1.tlog
c:\git\cafe-quality\src\consensuscore\release\consensuscorecpp.tlog\link.read.1.tlog
c:\git\cafe-quality\src\consensuscore\release\consensuscorecpp.tlog\link.write.1.tlog
